1699003759652	geckodriver	INFO	geckodriver 0.21.0 (c7d3022be6420de1ca4076d932aa32b299f3ea10 2018-06-14)
1699003759662	geckodriver	INFO	Listening on 127.0.0.1:65196
1699003762705	mozrunner::runner	INFO	Running command: "C:\\Program Files (x86)\\Mozilla Firefox\\firefox.exe" "-marionette" "-foreground" "-no-remote" "-profile" "C:\\Users\\DELL\\AppData\\Local\\Temp\\rust_mozprofile.Z2QQaSwSbtuI"
1699003762927	addons.webextension.doh-rollout@mozilla.org	WARN	Loading extension 'doh-rollout@mozilla.org': Reading manifest: Invalid extension permission: networkStatus
1699003762996	addons.webextension.screenshots@mozilla.org	WARN	Loading extension 'screenshots@mozilla.org': Reading manifest: Invalid extension permission: mozillaAddons
1699003762996	addons.webextension.screenshots@mozilla.org	WARN	Loading extension 'screenshots@mozilla.org': Reading manifest: Invalid extension permission: telemetry
1699003762996	addons.webextension.screenshots@mozilla.org	WARN	Loading extension 'screenshots@mozilla.org': Reading manifest: Invalid extension permission: resource://pdf.js/
1699003762996	addons.webextension.screenshots@mozilla.org	WARN	Loading extension 'screenshots@mozilla.org': Reading manifest: Invalid extension permission: about:reader*
1699003763053	Marionette	TRACE	Received observer notification profile-after-change
1699003763112	Marionette	TRACE	Received observer notification toplevel-window-ready
1699003763138	Marionette	TRACE	Received observer notification command-line-startup
1699003763138	Marionette	DEBUG	Init aborted (running=false, enabled=true, finalUIStartup=false)
1699003763176	Marionette	TRACE	Received observer notification toplevel-window-ready
JavaScript error: resource://gre/modules/XULStore.jsm, line 66: Error: Can't find profile directory.
1699003764471	Marionette	TRACE	Received observer notification marionette-startup-requested
1699003764472	Marionette	TRACE	Waiting until startup recorder finished recording startup scripts...
1699003764477	Marionette	TRACE	All scripts recorded.
1699003764477	Marionette	DEBUG	Setting recommended pref app.update.disabledForTesting to true
1699003764477	Marionette	DEBUG	Setting recommended pref apz.content_response_timeout to 60000
1699003764477	Marionette	DEBUG	Setting recommended pref browser.contentblocking.introCount to 99
1699003764477	Marionette	DEBUG	Setting recommended pref browser.download.panel.shown to true
1699003764477	Marionette	DEBUG	Setting recommended pref browser.newtabpage.enabled to false
1699003764478	Marionette	DEBUG	Setting recommended pref browser.pagethumbnails.capturing_disabled to true
1699003764478	Marionette	DEBUG	Setting recommended pref browser.search.update to false
1699003764478	Marionette	DEBUG	Setting recommended pref browser.tabs.disableBackgroundZombification to false
1699003764478	Marionette	DEBUG	Setting recommended pref browser.tabs.remote.separatePrivilegedContentProcess to false
1699003764478	Marionette	DEBUG	Setting recommended pref browser.tabs.unloadOnLowMemory to false
1699003764478	Marionette	DEBUG	Setting recommended pref browser.tabs.warnOnCloseOtherTabs to false
1699003764478	Marionette	DEBUG	Setting recommended pref browser.tabs.warnOnOpen to false
1699003764478	Marionette	DEBUG	Setting recommended pref browser.usedOnWindows10.introURL to 
1699003764478	Marionette	DEBUG	Setting recommended pref browser.urlbar.suggest.searches to false
1699003764479	Marionette	DEBUG	Setting recommended pref datareporting.policy.dataSubmissionPolicyAccepted to false
1699003764479	Marionette	DEBUG	Setting recommended pref dom.disable_beforeunload to true
1699003764479	Marionette	DEBUG	Setting recommended pref dom.disable_open_during_load to false
1699003764479	Marionette	DEBUG	Setting recommended pref dom.file.createInChild to true
1699003764479	Marionette	DEBUG	Setting recommended pref dom.max_chrome_script_run_time to 0
1699003764479	Marionette	DEBUG	Setting recommended pref dom.max_script_run_time to 0
1699003764479	Marionette	DEBUG	Setting recommended pref dom.push.connection.enabled to false
1699003764480	Marionette	DEBUG	Setting recommended pref extensions.getAddons.cache.enabled to false
1699003764480	Marionette	DEBUG	Setting recommended pref extensions.webservice.discoverURL to http://%(server)s/dummy/discoveryURL
1699003764480	Marionette	DEBUG	Setting recommended pref network.http.prompt-temp-redirect to false
1699003764480	Marionette	DEBUG	Setting recommended pref network.http.speculative-parallel-limit to 0
1699003764480	Marionette	DEBUG	Setting recommended pref privacy.trackingprotection.enabled to false
1699003764480	Marionette	DEBUG	Setting recommended pref security.certerrors.mitm.priming.enabled to false
1699003764480	Marionette	DEBUG	Setting recommended pref security.fileuri.strict_origin_policy to false
1699003764480	Marionette	DEBUG	Setting recommended pref security.notification_enable_delay to 0
1699003764480	Marionette	DEBUG	Setting recommended pref signon.autofillForms to false
1699003764480	Marionette	DEBUG	Setting recommended pref signon.rememberSignons to false
1699003764480	Marionette	DEBUG	Setting recommended pref toolkit.cosmeticAnimations.enabled to false
1699003764505	Marionette	INFO	Listening on port 65206
1699003764505	Marionette	DEBUG	Marionette is listening
1699003764751	Marionette	DEBUG	Accepted connection 0 from 127.0.0.1:65207
1699003764753	Marionette	DEBUG	0 -> [0,1,"WebDriver:NewSession",{"acceptInsecureCerts":true,"browserName":"firefox","capabilities":{"desiredCapabilities":{"acceptInsecureCerts":true,"browserName":"firefox"}}}]
1699003764754	Marionette	WARN	TLS certificate errors will be ignored for this session
1699003764774	Marionette	TRACE	[19] Frame script loaded
1699003764775	Marionette	TRACE	[19] Frame script registered
1699003764779	Marionette	DEBUG	0 <- [1,1,null,{"sessionId":"47e9c61f-0f36-418c-987d-bc1d017d80f0","capabilities":{"browserName":"firefox","browserVersion":"72.0. ... alse,"moz:webdriverClick":true,"capabilities":{"desiredCapabilities":{"acceptInsecureCerts":true,"browserName":"firefox"}}}}]
1699003764782	Marionette	DEBUG	0 -> [0,2,"WebDriver:SetTimeouts",{"implicit":10000}]
1699003764782	Marionette	DEBUG	0 <- [1,2,null,{"value":null}]
1699003764784	Marionette	DEBUG	0 -> [0,3,"WebDriver:Navigate",{"url":"http://www.rediff.com"}]
1699003764788	Marionette	TRACE	[19] Received DOM event beforeunload for about:blank
1699003788343	Marionette	TRACE	[19] Received DOM event beforeunload for about:blank
1699003788344	Marionette	TRACE	[19] Received DOM event pagehide for about:blank
1699003788373	Marionette	TRACE	[19] Received DOM event DOMContentLoaded for about:neterror?e=dnsNotFound&u=http%3A//www.rediff.com/&c=UTF-8&f=regular&d=We%20can%E2%80%99t%20connect%20to%20the%20server%20at%20www.rediff.com.
1699003788375	Marionette	DEBUG	0 <- [1,3,{"error":"unknown error","message":"Reached error page: about:neterror?e=dnsNotFound&u=http%3A//www.rediff.com/&c=UTF-8& ... adyState@chrome://marionette/content/listener.js:297:13\nhandleEvent@chrome://marionette/content/listener.js:263:14\n"},null]
JavaScript error: resource://gre/modules/XULStore.jsm, line 66: Error: Can't find profile directory.
1699003788387	Marionette	DEBUG	0 -> [0,4,"Marionette:Quit",{"flags":["eForceQuit"]}]
1699003788387	Marionette	INFO	Stopped listening on port 65206
1699003788426	Marionette	TRACE	Received observer notification quit-application
1699003788428	Marionette	DEBUG	0 <- [1,4,null,{"cause":"shutdown"}]
1699003788453	Marionette	DEBUG	0 -> [0,5,"Marionette:Quit",{"flags":["eForceQuit"]}]
1699003788454	Marionette	DEBUG	0 <- [1,5,{"error":"invalid session id","message":"Tried to run command without establishing a connection","stacktrace":"WebDriver ... t@chrome://marionette/content/server.js:249:9\n_onJSONObjectReady/<@chrome://marionette/content/transport.js:501:20\n"},null]
1699003788459	Marionette	DEBUG	Closed connection 0
1699003788567	Marionette	TRACE	Received observer notification xpcom-will-shutdown
1699003788567	Marionette	DEBUG	Resetting recommended pref app.update.disabledForTesting
1699003788567	Marionette	DEBUG	Resetting recommended pref apz.content_response_timeout
1699003788568	Marionette	DEBUG	Resetting recommended pref browser.contentblocking.introCount
1699003788568	Marionette	DEBUG	Resetting recommended pref browser.download.panel.shown
1699003788568	Marionette	DEBUG	Resetting recommended pref browser.newtabpage.enabled
1699003788569	Marionette	DEBUG	Resetting recommended pref browser.pagethumbnails.capturing_disabled
1699003788569	Marionette	DEBUG	Resetting recommended pref browser.search.update
1699003788569	Marionette	DEBUG	Resetting recommended pref browser.tabs.disableBackgroundZombification
1699003788569	Marionette	DEBUG	Resetting recommended pref browser.tabs.remote.separatePrivilegedContentProcess
1699003788569	Marionette	DEBUG	Resetting recommended pref browser.tabs.unloadOnLowMemory
1699003788569	Marionette	DEBUG	Resetting recommended pref browser.tabs.warnOnCloseOtherTabs
1699003788569	Marionette	DEBUG	Resetting recommended pref browser.tabs.warnOnOpen
1699003788569	Marionette	DEBUG	Resetting recommended pref browser.usedOnWindows10.introURL
1699003788569	Marionette	DEBUG	Resetting recommended pref browser.urlbar.suggest.searches
1699003788569	Marionette	DEBUG	Resetting recommended pref datareporting.policy.dataSubmissionPolicyAccepted
1699003788569	Marionette	DEBUG	Resetting recommended pref dom.disable_beforeunload
1699003788570	Marionette	DEBUG	Resetting recommended pref dom.disable_open_during_load
1699003788570	Marionette	DEBUG	Resetting recommended pref dom.file.createInChild
1699003788570	Marionette	DEBUG	Resetting recommended pref dom.max_chrome_script_run_time
1699003788570	Marionette	DEBUG	Resetting recommended pref dom.max_script_run_time
1699003788570	Marionette	DEBUG	Resetting recommended pref dom.push.connection.enabled
1699003788570	Marionette	DEBUG	Resetting recommended pref extensions.getAddons.cache.enabled
1699003788570	Marionette	DEBUG	Resetting recommended pref extensions.webservice.discoverURL
1699003788570	Marionette	DEBUG	Resetting recommended pref network.http.prompt-temp-redirect
1699003788570	Marionette	DEBUG	Resetting recommended pref network.http.speculative-parallel-limit
1699003788570	Marionette	DEBUG	Resetting recommended pref privacy.trackingprotection.enabled
1699003788570	Marionette	DEBUG	Resetting recommended pref security.certerrors.mitm.priming.enabled
1699003788570	Marionette	DEBUG	Resetting recommended pref security.fileuri.strict_origin_policy
1699003788570	Marionette	DEBUG	Resetting recommended pref security.notification_enable_delay
1699003788570	Marionette	DEBUG	Resetting recommended pref signon.autofillForms
1699003788570	Marionette	DEBUG	Resetting recommended pref signon.rememberSignons
1699003788570	Marionette	DEBUG	Resetting recommended pref toolkit.cosmeticAnimations.enabled
1699003788570	Marionette	DEBUG	Marionette stopped listening
ef extensions.webservice.discoverURL
1699003664248	Marionette	DEBUG	Resetting recommended pref network.http.prompt-temp-redirect
1699003664248	Marionette	DEBUG	Resetting recommended pref network.http.speculative-parallel-limit
1699003664248	Marionette	DEBUG	Resetting recommended pref privacy.trackingprotection.enabled
1699003664248	Marionette	DEBUG	Resetting recommended pref security.certerrors.mitm.priming.enabled
1699003664249	Marionette	DEBUG	Resetting recommended pref security.fileuri.strict_origin_policy
1699003664249	Marionette	DEBUG	Resetting recommended pref security.notification_enable_delay
1699003664249	Marionette	DEBUG	Resetting recommended pref signon.autofillForms
1699003664249	Marionette	DEBUG	Resetting recommended pref signon.rememberSignons
1699003664249	Marionette	DEBUG	Resetting recommended pref toolkit.cosmeticAnimations.enabled
1699003664249	Marionette	DEBUG	Marionette stopped listening
royed
1698944127269	Marionette	TRACE	[19] Received observer notification outer-window-destroyed
1698944127269	Marionette	TRACE	[19] Received observer notification outer-window-destroyed
1698944127270	Marionette	TRACE	[19] Received observer notification outer-window-destroyed
1698944127270	Marionette	TRACE	[19] Received observer notification outer-window-destroyed
1698944127332	Marionette	TRACE	[19] Received observer notification outer-window-destroyed
1698944127333	Marionette	TRACE	[19] Received observer notification outer-window-destroyed
1698944127333	Marionette	TRACE	[19] Received observer notification outer-window-destroyed
1698944127333	Marionette	TRACE	[19] Received observer notification outer-window-destroyed
1698944127333	Marionette	TRACE	[19] Received observer notification outer-window-destroyed
1698944127333	Marionette	TRACE	[19] Received observer notification outer-window-destroyed
1698944127333	Marionette	TRACE	[19] Received observer notification outer-window-destroyed
1698944127334	Marionette	TRACE	[19] Received observer notification outer-window-destroyed
1698944127335	Marionette	TRACE	[19] Received observer notification outer-window-destroyed
1698944127335	Marionette	TRACE	[19] Received observer notification outer-window-destroyed
1698944127335	Marionette	TRACE	[19] Received observer notification outer-window-destroyed
1698944127335	Marionette	TRACE	[19] Received observer notification outer-window-destroyed
1698944127371	Marionette	TRACE	[19] Received observer notification outer-window-destroyed
1698944127371	Marionette	TRACE	[19] Received observer notification outer-window-destroyed
1698944127371	Marionette	TRACE	[19] Received observer notification outer-window-destroyed
1698944127371	Marionette	TRACE	[19] Received observer notification outer-window-destroyed
1698944128270	Marionette	TRACE	[19] Received observer notification outer-window-destroyed
1698944128330	Marionette	TRACE	[19] Received observer notification outer-window-destroyed
1698944128330	Marionette	TRACE	[19] Received observer notification outer-window-destroyed
1698944128330	Marionette	TRACE	[19] Received observer notification outer-window-destroyed
1698944128359	Marionette	TRACE	[19] Received observer notification outer-window-destroyed
1698944138114	Marionette	TRACE	[19] Received observer notification outer-window-destroyed
1698944138115	Marionette	TRACE	[19] Received observer notification outer-window-destroyed
1698944138115	Marionette	TRACE	[19] Received observer notification outer-window-destroyed
1698944138115	Marionette	TRACE	[19] Received observer notification outer-window-destroyed
1698944138115	Marionette	TRACE	[19] Received observer notification outer-window-destroyed
1698944138115	Marionette	TRACE	[19] Received observer notification outer-window-destroyed
1698944138115	Marionette	TRACE	[19] Received observer notification outer-window-destroyed
1698944138115	Marionette	TRACE	[19] Received observer notification outer-window-destroyed
1698944138159	Marionette	TRACE	[19] Received observer notification outer-window-destroyed
1698944138160	Marionette	TRACE	[19] Received observer notification outer-window-destroyed
1698944138160	Marionette	TRACE	[19] Received observer notification outer-window-destroyed
1698944138160	Marionette	TRACE	[19] Received observer notification outer-window-destroyed
1698944138160	Marionette	TRACE	[19] Received observer notification outer-window-destroyed
1698944138160	Marionette	TRACE	[19] Received observer notification outer-window-destroyed
1698944138160	Marionette	TRACE	[19] Received observer notification outer-window-destroyed
1698944138160	Marionette	TRACE	[19] Received observer notification outer-window-destroyed
1698944138187	Marionette	TRACE	[19] Received observer notification outer-window-destroyed
1698944138187	Marionette	TRACE	[19] Received observer notification outer-window-destroyed
1698944138188	Marionette	TRACE	[19] Received observer notification outer-window-destroyed
1698944138188	Marionette	TRACE	[19] Received observer notification outer-window-destroyed
1698944139116	Marionette	TRACE	[19] Received observer notification outer-window-destroyed
1698944139116	Marionette	TRACE	[19] Received observer notification outer-window-destroyed
1698944139135	Marionette	TRACE	[19] Received observer notification outer-window-destroyed
1698944139146	Marionette	TRACE	[19] Received observer notification outer-window-destroyed
1698944139177	Marionette	TRACE	[19] Received observer notification outer-window-destroyed
1698944148966	Marionette	TRACE	[19] Received observer notification outer-window-destroyed
1698944148966	Marionette	TRACE	[19] Received observer notification outer-window-destroyed
1698944148966	Marionette	TRACE	[19] Received observer notification outer-window-destroyed
1698944148966	Marionette	TRACE	[19] Received observer notification outer-window-destroyed
1698944148984	Marionette	TRACE	[19] Received observer notification outer-window-destroyed
1698944148984	Marionette	TRACE	[19] Received observer notification outer-window-destroyed
1698944148984	Marionette	TRACE	[19] Received observer notification outer-window-destroyed
1698944148984	Marionette	TRACE	[19] Received observer notification outer-window-destroyed
1698944148984	Marionette	TRACE	[19] Received observer notification outer-window-destroyed
1698944148985	Marionette	TRACE	[19] Received observer notification outer-window-destroyed
1698944148985	Marionette	TRACE	[19] Received observer notification outer-window-destroyed
1698944148985	Marionette	TRACE	[19] Received observer notification outer-window-destroyed
1698944149046	Marionette	TRACE	[19] Received observer notification outer-window-destroyed
1698944149046	Marionette	TRACE	[19] Received observer notification outer-window-destroyed
1698944149046	Marionette	TRACE	[19] Received observer notification outer-window-destroyed
1698944149046	Marionette	TRACE	[19] Received observer notification outer-window-destroyed
1698944149046	Marionette	TRACE	[19] Received observer notification outer-window-destroyed
1698944149046	Marionette	TRACE	[19] Received observer notification outer-window-destroyed
1698944149046	Marionette	TRACE	[19] Received observer notification outer-window-destroyed
1698944149047	Marionette	TRACE	[19] Received observer notification outer-window-destroyed
1698944149988	Marionette	TRACE	[19] Received observer notification outer-window-destroyed
1698944149988	Marionette	TRACE	[19] Received observer notification outer-window-destroyed
1698944149988	Marionette	TRACE	[19] Received observer notification outer-window-destroyed
1698944150032	Marionette	TRACE	[19] Received observer notification outer-window-destroyed
1698944150032	Marionette	TRACE	[19] Received observer notification outer-window-destroyed
1698944159773	Marionette	TRACE	[19] Received observer notification outer-window-destroyed
1698944159773	Marionette	TRACE	[19] Received observer notification outer-window-destroyed
1698944159773	Marionette	TRACE	[19] Received observer notification outer-window-destroyed
1698944159773	Marionette	TRACE	[19] Received observer notification outer-window-destroyed
1698944159774	Marionette	TRACE	[19] Received observer notification outer-window-destroyed
1698944159774	Marionette	TRACE	[19] Received observer notification outer-window-destroyed
1698944159774	Marionette	TRACE	[19] Received observer notification outer-window-destroyed
1698944159774	Marionette	TRACE	[19] Received observer notification outer-window-destroyed
1698944159806	Marionette	TRACE	[19] Received observer notification outer-window-destroyed
1698944159806	Marionette	TRACE	[19] Received observer notification outer-window-destroyed
1698944159806	Marionette	TRACE	[19] Received observer notification outer-window-destroyed
1698944159806	Marionette	TRACE	[19] Received observer notification outer-window-destroyed
1698944159806	Marionette	TRACE	[19] Received observer notification outer-window-destroyed
1698944159806	Marionette	TRACE	[19] Received observer notification outer-window-destroyed
1698944159806	Marionette	TRACE	[19] Received observer notification outer-window-destroyed
1698944159807	Marionette	TRACE	[19] Received observer notification outer-window-destroyed
1698944159816	Marionette	TRACE	[19] Received observer notification outer-window-destroyed
1698944159817	Marionette	TRACE	[19] Received observer notification outer-window-destroyed
1698944159817	Marionette	TRACE	[19] Received observer notification outer-window-destroyed
1698944159817	Marionette	TRACE	[19] Received observer notification outer-window-destroyed
1698944160777	Marionette	TRACE	[19] Received observer notification outer-window-destroyed
1698944160777	Marionette	TRACE	[19] Received observer notification outer-window-destroyed
1698944160793	Marionette	TRACE	[19] Received observer notification outer-window-destroyed
1698944160793	Marionette	TRACE	[19] Received observer notification outer-window-destroyed
1698944160825	Marionette	TRACE	[19] Received observer notification outer-window-destroyed
1698944387687	Marionette	DEBUG	0 <- [1,3,{"error":"timeout","message":"Timeout loading page after 300000ms","stacktrace":"WebDriverError@chrome://marionette/cont ... 5:5\nTimeoutError@chrome://marionette/content/error.js:444:5\nnotify@chrome://marionette/content/listener.js:368:11\n"},null]
1698944387699	Marionette	DEBUG	0 -> [0,4,"WebDriver:Navigate",{"url":"http://www.rediff.com"}]
1698944387706	Marionette	TRACE	[19] Received DOM event beforeunload for https://www.rediff.com/
1698944387765	Marionette	TRACE	[19] Received DOM event pagehide for https://www.rediff.com/
1698944387772	Marionette	TRACE	[19] Received DOM event unload for https://www.rediff.com/
1698944387799	Marionette	TRACE	[19] Received observer notification outer-window-destroyed
1698944387799	Marionette	TRACE	[19] Received observer notification outer-window-destroyed
JavaScript error: , line 0: TypeError: NetworkError when attempting to fetch resource.
1698944387861	Marionette	TRACE	[19] Received observer notification outer-window-destroyed
1698944387861	Marionette	TRACE	[19] Received observer notification outer-window-destroyed
1698944387861	Marionette	TRACE	[19] Received observer notification outer-window-destroyed
1698944387861	Marionette	TRACE	[19] Received observer notification outer-window-destroyed
1698944387862	Marionette	TRACE	[19] Received observer notification outer-window-destroyed
1698944387862	Marionette	TRACE	[19] Received observer notification outer-window-destroyed
1698944387862	Marionette	TRACE	[19] Received observer notification outer-window-destroyed
1698944387862	Marionette	TRACE	[19] Received observer notification outer-window-destroyed
1698944387862	Marionette	TRACE	[19] Received observer notification outer-window-destroyed
1698944387862	Marionette	TRACE	[19] Received observer notification outer-window-destroyed
1698944387862	Marionette	TRACE	[19] Received observer notification outer-window-destroyed
1698944387862	Marionette	TRACE	[19] Received observer notification outer-window-destroyed
1698944387862	Marionette	TRACE	[19] Received observer notification outer-window-destroyed
1698944387862	Marionette	TRACE	[19] Received observer notification outer-window-destroyed
1698944387862	Marionette	TRACE	[19] Received observer notification outer-window-destroyed
1698944387862	Marionette	TRACE	[19] Received observer notification outer-window-destroyed
1698944387863	Marionette	TRACE	[19] Received observer notification outer-window-destroyed
1698944387863	Marionette	TRACE	[19] Received observer notification outer-window-destroyed
1698944387863	Marionette	TRACE	[19] Received observer notification outer-window-destroyed
1698944387863	Marionette	TRACE	[19] Received observer notification outer-window-destroyed
1698944387863	Marionette	TRACE	[19] Received observer notification outer-window-destroyed
1698944387863	Marionette	TRACE	[19] Received observer notification outer-window-destroyed
1698944387863	Marionette	TRACE	[19] Received observer notification outer-window-destroyed
1698944387863	Marionette	TRACE	[19] Received observer notification outer-window-destroyed
1698944387863	Marionette	TRACE	[19] Received observer notification outer-window-destroyed
1698944387863	Marionette	TRACE	[19] Received observer notification outer-window-destroyed
1698944387863	Marionette	TRACE	[19] Received observer notification outer-window-destroyed
1698944387863	Marionette	TRACE	[19] Received observer notification outer-window-destroyed
1698944387863	Marionette	TRACE	[19] Received observer notification outer-window-destroyed
1698944387863	Marionette	TRACE	[19] Received observer notification outer-window-destroyed
1698944387863	Marionette	TRACE	[19] Received observer notification outer-window-destroyed
1698944387863	Marionette	TRACE	[19] Received observer notification outer-window-destroyed
1698944387863	Marionette	TRACE	[19] Received observer notification outer-window-destroyed
1698944387863	Marionette	TRACE	[19] Received observer notification outer-window-destroyed
1698944387864	Marionette	TRACE	[19] Received observer notification outer-window-destroyed
1698944387864	Marionette	TRACE	[19] Received observer notification outer-window-destroyed
1698944387864	Marionette	TRACE	[19] Received DOM event DOMContentLoaded for https://www.rediff.com/
JavaScript error: , line 0: TypeError: NetworkError when attempting to fetch resource.
JavaScript warning: https://jsc.mgid.com/a/f/affinity.rediff.com.1360493.es5.js, line 1: unreachable code after return statement
JavaScript warning: https://jsc.mgid.com/a/f/affinity.rediff.com.1360493.es5.js, line 1: unreachable code after return statement
JavaScript warning: https://jsc.mgid.com/a/f/affinity.rediff.com.1360493.es5.js, line 1: unreachable code after return statement
JavaScript warning: https://jsc.mgid.com/a/f/affinity.rediff.com.1360493.es5.js, line 1: unreachable code after return statement
JavaScript warning: https://jsc.mgid.com/a/f/affinity.rediff.com.1360493.es5.js, line 1: unreachable code after return statement
JavaScript warning: https://jsc.mgid.com/a/f/affinity.rediff.com.1360493.es5.js, line 1: unreachable code after return statement
JavaScript warning: https://jsc.mgid.com/a/f/affinity.rediff.com.1360493.es5.js, line 1: unreachable code after return statement
JavaScript warning: https://jsc.mgid.com/a/f/affinity.rediff.com.1360493.es5.js, line 1: unreachable code after return statement
JavaScript warning: https://jsc.mgid.com/a/f/affinity.rediff.com.1360493.es5.js, line 1: unreachable code after return statement
JavaScript warning: https://jsc.mgid.com/a/f/affinity.rediff.com.1360493.es5.js, line 1: unreachable code after return statement
JavaScript warning: https://jsc.mgid.com/a/f/affinity.rediff.com.1360493.es5.js, line 1: unreachable code after return statement
JavaScript warning: https://jsc.mgid.com/a/f/affinity.rediff.com.1360493.es5.js, line 1: unreachable code after return statement
JavaScript warning: https://im.rediff.com/worldrediff/js_2_5/jquery_1_10_min.js, line 2: Using //@ to indicate sourceMappingURL pragmas is deprecated. Use //# instead
JavaScript warning: https://pagead2.googlesyndication.com/bg/mSNSQAl__hw8z5PwJ1hA32amL2zkBniEArBt9BN1XWc.js line 2 > eval line 5807 > eval line 1 > eval line 1 > eval, line 1: Error: WebGL warning: getContext: Disallowing antialiased backbuffers due to blacklisting.
1698944403806	Marionette	TRACE	[19] Received observer notification outer-window-destroyed
1698944404342	Marionette	TRACE	[19] Received observer notification outer-window-destroyed
1698944687719	Marionette	DEBUG	0 <- [1,4,{"error":"timeout","message":"Timeout loading page after 300000ms","stacktrace":"WebDriverError@chrome://marionette/cont ... 5:5\nTimeoutError@chrome://marionette/content/error.js:444:5\nnotify@chrome://marionette/content/listener.js:368:11\n"},null]
1698944687723	Marionette	DEBUG	0 -> [0,5,"WebDriver:GetPageSource",{}]
1698944687734	Marionette	DEBUG	0 <- [1,5,null,{"value":"<html style=\"\" lang=\"en\"><head><link rel=\"dns-prefetch\" href=\"//c.amazon-adsystem.com\"><link rel= ... ://googleads.g.doubleclick.net/pagead/html/r20231031/r20190131/zrt_lookup.html\" style=\"display: none;\"></iframe></html>"}]
1698944691756	Marionette	DEBUG	0 -> [0,6,"WebDriver:GetPageSource",{}]
1698944691768	Marionette	DEBUG	0 <- [1,6,null,{"value":"<html style=\"\" lang=\"en\"><head><link rel=\"dns-prefetch\" href=\"//c.amazon-adsystem.com\"><link rel= ... ://googleads.g.doubleclick.net/pagead/html/r20231031/r20190131/zrt_lookup.html\" style=\"display: none;\"></iframe></html>"}]
1698944691779	Marionette	DEBUG	0 -> [0,7,"WebDriver:TakeScreenshot",{"full":false,"highlights":[],"id":null}]
1698944691898	Marionette	DEBUG	0 <- [1,7,null,{"value":"iVBORw0KGgoAAAANSUhEUgAABQQAAALdCAYAAAB6CG7yAAAgAElEQVR4nOzdeVhTd74/8HSc38ztHdtK1YpxJSxCCNY97hj3ahFcsVYFF ... wb3JdQHy9ChnoT6P13dq2PAPtP2Iz7oeUwmA9g0+2G5n3YDF/hMBzGrs/EbjiOzeSykTssGWC+ApZcMN8G8187d0/r/7/+BVxfWwdbTZuGAAAAAElFTkSuQmCC"}]
1698944696921	Marionette	DEBUG	0 -> [0,8,"WebDriver:GetTitle",{}]
1698944696922	Marionette	DEBUG	0 <- [1,8,null,{"value":"Rediff.com: News | Rediffmail | Stock Quotes | Shopping"}]
1698944696927	Marionette	DEBUG	0 -> [0,9,"WebDriver:TakeScreenshot",{"full":false,"highlights":[],"id":null}]
1698944697030	Marionette	DEBUG	0 <- [1,9,null,{"value":"iVBORw0KGgoAAAANSUhEUgAABQQAAALdCAYAAAB6CG7yAAAgAElEQVR4nOzdeVhTd74/8HSc38ztHdtK1YpxJSxCCNY97hj3ahFcsVYFF ... wb3JdQHy9ChnoT6P13dq2PAPtP2Iz7oeUwmA9g0+2G5n3YDF/hMBzGrs/EbjiOzeSykTssGWC+ApZcMN8G8187d0/r/7/+BVxfWwdbTZuGAAAAAElFTkSuQmCC"}]
1698944697047	Marionette	DEBUG	0 -> [0,10,"Marionette:Quit",{"flags":["eForceQuit"]}]
1698944697048	Marionette	INFO	Stopped listening on port 59731
1698944697078	Marionette	TRACE	Received observer notification quit-application
1698944697081	Marionette	DEBUG	0 <- [1,10,null,{"cause":"shutdown"}]
1698944697097	Marionette	DEBUG	0 -> [0,11,"Marionette:Quit",{"flags":["eForceQuit"]}]
1698944697098	Marionette	DEBUG	0 <- [1,11,{"error":"invalid session id","message":"Tried to run command without establishing a connection","stacktrace":"WebDrive ... t@chrome://marionette/content/server.js:249:9\n_onJSONObjectReady/<@chrome://marionette/content/transport.js:501:20\n"},null]
1698944697105	Marionette	DEBUG	Closed connection 0
JavaScript error: , line 0: TypeError: NetworkError when attempting to fetch resource.
JavaScript error: , line 0: TypeError: NetworkError when attempting to fetch resource.
JavaScript error: , line 0: TypeError: NetworkError when attempting to fetch resource.

###!!! [Child][RunMessage] Error: Channel closing: too late to send/recv, messages will be lost


###!!! [Child][MessageChannel] Error: (msgtype=0x370126,name=PContent::Msg_ScriptError) Channel closing: too late to send/recv, messages will be lost


###!!! [Child][MessageChannel] Error: (msgtype=0x370126,name=PContent::Msg_ScriptError) Channel closing: too late to send/recv, messages will be lost


###!!! [Child][MessageChannel] Error: (msgtype=0x370126,name=PContent::Msg_ScriptError) Channel closing: too late to send/recv, messages will be lost

1698944697195	Marionette	TRACE	Received observer notification xpcom-will-shutdown
1698944697195	Marionette	DEBUG	Resetting recommended pref app.update.disabledForTesting
1698944697195	Marionette	DEBUG	Resetting recommended pref apz.content_response_timeout
1698944697195	Marionette	DEBUG	Resetting recommended pref browser.contentblocking.introCount
1698944697195	Marionette	DEBUG	Resetting recommended pref browser.download.panel.shown
1698944697195	Marionette	DEBUG	Resetting recommended pref browser.newtabpage.enabled
1698944697195	Marionette	DEBUG	Resetting recommended pref browser.pagethumbnails.capturing_disabled
1698944697195	Marionette	DEBUG	Resetting recommended pref browser.search.update
1698944697195	Marionette	DEBUG	Resetting recommended pref browser.tabs.disableBackgroundZombification
1698944697195	Marionette	DEBUG	Resetting recommended pref browser.tabs.remote.separatePrivilegedContentProcess
1698944697195	Marionette	DEBUG	Resetting recommended pref browser.tabs.unloadOnLowMemory
1698944697195	Marionette	DEBUG	Resetting recommended pref browser.tabs.warnOnCloseOtherTabs
1698944697195	Marionette	DEBUG	Resetting recommended pref browser.tabs.warnOnOpen
1698944697195	Marionette	DEBUG	Resetting recommended pref browser.usedOnWindows10.introURL
1698944697196	Marionette	DEBUG	Resetting recommended pref browser.urlbar.suggest.searches
1698944697196	Marionette	DEBUG	Resetting recommended pref datareporting.policy.dataSubmissionPolicyAccepted
1698944697196	Marionette	DEBUG	Resetting recommended pref dom.disable_beforeunload
1698944697196	Marionette	DEBUG	Resetting recommended pref dom.disable_open_during_load
1698944697196	Marionette	DEBUG	Resetting recommended pref dom.file.createInChild
1698944697196	Marionette	DEBUG	Resetting recommended pref dom.max_chrome_script_run_time
1698944697196	Marionette	DEBUG	Resetting recommended pref dom.max_script_run_time
1698944697196	Marionette	DEBUG	Resetting recommended pref dom.push.connection.enabled
1698944697196	Marionette	DEBUG	Resetting recommended pref extensions.getAddons.cache.enabled
1698944697196	Marionette	DEBUG	Resetting recommended pref extensions.webservice.discoverURL
1698944697196	Marionette	DEBUG	Resetting recommended pref network.http.prompt-temp-redirect
1698944697196	Marionette	DEBUG	Resetting recommended pref network.http.speculative-parallel-limit
1698944697196	Marionette	DEBUG	Resetting recommended pref privacy.trackingprotection.enabled
1698944697196	Marionette	DEBUG	Resetting recommended pref security.certerrors.mitm.priming.enabled
1698944697196	Marionette	DEBUG	Resetting recommended pref security.fileuri.strict_origin_policy
1698944697196	Marionette	DEBUG	Resetting recommended pref security.notification_enable_delay
1698944697196	Marionette	DEBUG	Resetting recommended pref signon.autofillForms
1698944697196	Marionette	DEBUG	Resetting recommended pref signon.rememberSignons
1698944697196	Marionette	DEBUG	Resetting recommended pref toolkit.cosmeticAnimations.enabled
1698944697197	Marionette	DEBUG	Marionette stopped listening
d observer notification outer-window-destroyed
1694498698452	Marionette	TRACE	[19] Received observer notification outer-window-destroyed
1694498698452	Marionette	TRACE	[19] Received observer notification outer-window-destroyed
1694498698452	Marionette	TRACE	[19] Received observer notification outer-window-destroyed
1694498698452	Marionette	TRACE	[19] Received observer notification outer-window-destroyed
1694498698452	Marionette	TRACE	[19] Received observer notification outer-window-destroyed
1694498698452	Marionette	TRACE	[19] Received observer notification outer-window-destroyed
1694498698452	Marionette	TRACE	[19] Received observer notification outer-window-destroyed
1694498698452	Marionette	TRACE	[19] Received observer notification outer-window-destroyed
1694498699407	Marionette	TRACE	[19] Received observer notification outer-window-destroyed
1694498699439	Marionette	TRACE	[19] Received observer notification outer-window-destroyed
1694498699439	Marionette	TRACE	[19] Received observer notification outer-window-destroyed
1694498699439	Marionette	TRACE	[19] Received observer notification outer-window-destroyed
1694498699440	Marionette	TRACE	[19] Received observer notification outer-window-destroyed
1694498710177	Marionette	TRACE	[19] Received observer notification outer-window-destroyed
1694498710177	Marionette	TRACE	[19] Received observer notification outer-window-destroyed
1694498710177	Marionette	TRACE	[19] Received observer notification outer-window-destroyed
1694498710177	Marionette	TRACE	[19] Received observer notification outer-window-destroyed
1694498710226	Marionette	TRACE	[19] Received observer notification outer-window-destroyed
1694498710226	Marionette	TRACE	[19] Received observer notification outer-window-destroyed
1694498710226	Marionette	TRACE	[19] Received observer notification outer-window-destroyed
1694498710226	Marionette	TRACE	[19] Received observer notification outer-window-destroyed
1694498710226	Marionette	TRACE	[19] Received observer notification outer-window-destroyed
1694498710227	Marionette	TRACE	[19] Received observer notification outer-window-destroyed
1694498710227	Marionette	TRACE	[19] Received observer notification outer-window-destroyed
1694498710227	Marionette	TRACE	[19] Received observer notification outer-window-destroyed
1694498710238	Marionette	TRACE	[19] Received observer notification outer-window-destroyed
1694498710238	Marionette	TRACE	[19] Received observer notification outer-window-destroyed
1694498710238	Marionette	TRACE	[19] Received observer notification outer-window-destroyed
1694498710238	Marionette	TRACE	[19] Received observer notification outer-window-destroyed
1694498710254	Marionette	TRACE	[19] Received observer notification outer-window-destroyed
1694498710254	Marionette	TRACE	[19] Received observer notification outer-window-destroyed
1694498710254	Marionette	TRACE	[19] Received observer notification outer-window-destroyed
1694498710254	Marionette	TRACE	[19] Received observer notification outer-window-destroyed
1694498711176	Marionette	TRACE	[19] Received observer notification outer-window-destroyed
1694498711208	Marionette	TRACE	[19] Received observer notification outer-window-destroyed
1694498711208	Marionette	TRACE	[19] Received observer notification outer-window-destroyed
1694498711256	Marionette	TRACE	[19] Received observer notification outer-window-destroyed
1694498711257	Marionette	TRACE	[19] Received observer notification outer-window-destroyed
1694498722538	Marionette	TRACE	[19] Received observer notification outer-window-destroyed
1694498722538	Marionette	TRACE	[19] Received observer notification outer-window-destroyed
1694498722538	Marionette	TRACE	[19] Received observer notification outer-window-destroyed
1694498722538	Marionette	TRACE	[19] Received observer notification outer-window-destroyed
1694498722539	Marionette	TRACE	[19] Received observer notification outer-window-destroyed
1694498722539	Marionette	TRACE	[19] Received observer notification outer-window-destroyed
1694498722539	Marionette	TRACE	[19] Received observer notification outer-window-destroyed
1694498722539	Marionette	TRACE	[19] Received observer notification outer-window-destroyed
1694498722542	Marionette	TRACE	[19] Received observer notification outer-window-destroyed
1694498722542	Marionette	TRACE	[19] Received observer notification outer-window-destroyed
1694498722542	Marionette	TRACE	[19] Received observer notification outer-window-destroyed
1694498722542	Marionette	TRACE	[19] Received observer notification outer-window-destroyed
1694498722543	Marionette	TRACE	[19] Received observer notification outer-window-destroyed
1694498722543	Marionette	TRACE	[19] Received observer notification outer-window-destroyed
1694498722543	Marionette	TRACE	[19] Received observer notification outer-window-destroyed
1694498722543	Marionette	TRACE	[19] Received observer notification outer-window-destroyed
1694498722543	Marionette	TRACE	[19] Received observer notification outer-window-destroyed
1694498722543	Marionette	TRACE	[19] Received observer notification outer-window-destroyed
1694498722543	Marionette	TRACE	[19] Received observer notification outer-window-destroyed
1694498722543	Marionette	TRACE	[19] Received observer notification outer-window-destroyed
1694498723533	Marionette	TRACE	[19] Received observer notification outer-window-destroyed
1694498723533	Marionette	TRACE	[19] Received observer notification outer-window-destroyed
1694498723533	Marionette	TRACE	[19] Received observer notification outer-window-destroyed
1694498723533	Marionette	TRACE	[19] Received observer notification outer-window-destroyed
1694498723534	Marionette	TRACE	[19] Received observer notification outer-window-destroyed
1694498955924	Marionette	DEBUG	0 <- [1,4,{"error":"timeout","message":"Timeout loading page after 300000ms","stacktrace":"WebDriverError@chrome://marionette/cont ... 5:5\nTimeoutError@chrome://marionette/content/error.js:444:5\nnotify@chrome://marionette/content/listener.js:368:11\n"},null]
1694498955929	Marionette	DEBUG	0 -> [0,5,"WebDriver:GetPageSource",{}]
1694498955939	Marionette	DEBUG	0 <- [1,5,null,{"value":"<html lang=\"en\"><head><link rel=\"dns-prefetch\" href=\"//c.amazon-adsystem.com\"><link rel=\"dns-prefe ... me\" style=\"display: none; position: fixed; left: -999px; top: -999px; width: 0px; height: 0px;\"></iframe></body></html>"}]
1694498959947	Marionette	DEBUG	0 -> [0,6,"WebDriver:GetPageSource",{}]
1694498959955	Marionette	DEBUG	0 <- [1,6,null,{"value":"<html lang=\"en\"><head><link rel=\"dns-prefetch\" href=\"//c.amazon-adsystem.com\"><link rel=\"dns-prefe ... me\" style=\"display: none; position: fixed; left: -999px; top: -999px; width: 0px; height: 0px;\"></iframe></body></html>"}]
1694498959963	Marionette	DEBUG	0 -> [0,7,"WebDriver:TakeScreenshot",{"full":false,"highlights":[],"id":null}]
1694498960078	Marionette	DEBUG	0 <- [1,7,null,{"value":"iVBORw0KGgoAAAANSUhEUgAABQQAAALdCAYAAAB6CG7yAAAgAElEQVR4nOzde3gU5d0//rX0qgqbZDfZZA/ZHHY5hZB4AGUFVFwOAYUQT ... Obyfv1JuY/s5XlL+5m5Qu7ufFgGU4ZYQh7gaNMzqeffgr8GQparVa+/vprCgoKJnYLGo1G3n///Ylyn+8eJyPD/zf0/wDKXkiP3xdkTwAAAABJRU5ErkJggg=="}]
1694498965090	Marionette	DEBUG	0 -> [0,8,"WebDriver:GetTitle",{}]
1694498965091	Marionette	DEBUG	0 <- [1,8,null,{"value":"Rediff.com: News | Rediffmail | Stock Quotes | Shopping"}]
1694498965095	Marionette	DEBUG	0 -> [0,9,"WebDriver:TakeScreenshot",{"full":false,"highlights":[],"id":null}]
1694498965189	Marionette	DEBUG	0 <- [1,9,null,{"value":"iVBORw0KGgoAAAANSUhEUgAABQQAAALdCAYAAAB6CG7yAAAgAElEQVR4nOzdeXhU9d03/rH0qgqTZCbbLJksM2whJC6gjIqKYQkohLAmg ... /eSt4vt7DwV9tZ+cIeVj+/hxsPleGUEYawFzjK5HzyySfAn6Gg1Wrlq6++oqCgYHK3oNFo5L333pss9/n2cSoy/H9D/w8KYTazOnHi/gAAAABJRU5ErkJggg=="}]
1694498965224	Marionette	DEBUG	0 -> [0,10,"Marionette:Quit",{"flags":["eForceQuit"]}]
1694498965224	Marionette	INFO	Stopped listening on port 63251
1694498965252	Marionette	TRACE	Received observer notification quit-application
1694498965254	Marionette	DEBUG	0 <- [1,10,null,{"cause":"shutdown"}]
1694498965270	Marionette	DEBUG	0 -> [0,11,"Marionette:Quit",{"flags":["eForceQuit"]}]
1694498965271	Marionette	DEBUG	0 <- [1,11,{"error":"invalid session id","message":"Tried to run command without establishing a connection","stacktrace":"WebDrive ... t@chrome://marionette/content/server.js:249:9\n_onJSONObjectReady/<@chrome://marionette/content/transport.js:501:20\n"},null]
1694498965274	Marionette	DEBUG	Closed connection 0
JavaScript error: , line 0: TypeError: NetworkError when attempting to fetch resource.
JavaScript error: , line 0: TypeError: NetworkError when attempting to fetch resource.
JavaScript error: , line 0: TypeError: NetworkError when attempting to fetch resource.
JavaScript error: , line 0: TypeError: NetworkError when attempting to fetch resource.
1694498965402	Marionette	TRACE	Received observer notification xpcom-will-shutdown
1694498965403	Marionette	DEBUG	Resetting recommended pref app.update.disabledForTesting
1694498965403	Marionette	DEBUG	Resetting recommended pref apz.content_response_timeout
1694498965403	Marionette	DEBUG	Resetting recommended pref browser.contentblocking.introCount
1694498965403	Marionette	DEBUG	Resetting recommended pref browser.download.panel.shown
1694498965403	Marionette	DEBUG	Resetting recommended pref browser.newtabpage.enabled
1694498965403	Marionette	DEBUG	Resetting recommended pref browser.pagethumbnails.capturing_disabled
1694498965403	Marionette	DEBUG	Resetting recommended pref browser.search.update
1694498965403	Marionette	DEBUG	Resetting recommended pref browser.tabs.disableBackgroundZombification
1694498965403	Marionette	DEBUG	Resetting recommended pref browser.tabs.remote.separatePrivilegedContentProcess
1694498965403	Marionette	DEBUG	Resetting recommended pref browser.tabs.unloadOnLowMemory
1694498965403	Marionette	DEBUG	Resetting recommended pref browser.tabs.warnOnCloseOtherTabs
1694498965403	Marionette	DEBUG	Resetting recommended pref browser.tabs.warnOnOpen
1694498965403	Marionette	DEBUG	Resetting recommended pref browser.usedOnWindows10.introURL
1694498965403	Marionette	DEBUG	Resetting recommended pref browser.urlbar.suggest.searches
1694498965404	Marionette	DEBUG	Resetting recommended pref datareporting.policy.dataSubmissionPolicyAccepted
1694498965404	Marionette	DEBUG	Resetting recommended pref dom.disable_beforeunload
1694498965404	Marionette	DEBUG	Resetting recommended pref dom.disable_open_during_load
1694498965404	Marionette	DEBUG	Resetting recommended pref dom.file.createInChild
1694498965404	Marionette	DEBUG	Resetting recommended pref dom.max_chrome_script_run_time
1694498965404	Marionette	DEBUG	Resetting recommended pref dom.max_script_run_time
1694498965404	Marionette	DEBUG	Resetting recommended pref dom.push.connection.enabled
1694498965404	Marionette	DEBUG	Resetting recommended pref extensions.getAddons.cache.enabled
1694498965404	Marionette	DEBUG	Resetting recommended pref extensions.webservice.discoverURL
1694498965404	Marionette	DEBUG	Resetting recommended pref network.http.prompt-temp-redirect
1694498965404	Marionette	DEBUG	Resetting recommended pref network.http.speculative-parallel-limit
1694498965404	Marionette	DEBUG	Resetting recommended pref privacy.trackingprotection.enabled
1694498965404	Marionette	DEBUG	Resetting recommended pref security.certerrors.mitm.priming.enabled
1694498965404	Marionette	DEBUG	Resetting recommended pref security.fileuri.strict_origin_policy
1694498965404	Marionette	DEBUG	Resetting recommended pref security.notification_enable_delay
1694498965404	Marionette	DEBUG	Resetting recommended pref signon.autofillForms
1694498965404	Marionette	DEBUG	Resetting recommended pref signon.rememberSignons
1694498965404	Marionette	DEBUG	Resetting recommended pref toolkit.cosmeticAnimations.enabled
1694498965404	Marionette	DEBUG	Marionette stopped listening
vaScript error: https://2e4f242d94626123e23e03e7dae2d8dd.safeframe.googlesyndication.com/safeframe/1-0-38/html/container.html, line 23: TypeError: msg.indexOf is not a function
JavaScript error: https://2e4f242d94626123e23e03e7dae2d8dd.safeframe.googlesyndication.com/safeframe/1-0-38/html/container.html, line 23: TypeError: msg.indexOf is not a function
JavaScript error: https://2e4f242d94626123e23e03e7dae2d8dd.safeframe.googlesyndication.com/safeframe/1-0-38/html/container.html, line 23: TypeError: msg.indexOf is not a function
JavaScript error: https://2e4f242d94626123e23e03e7dae2d8dd.safeframe.googlesyndication.com/safeframe/1-0-38/html/container.html, line 23: TypeError: msg.indexOf is not a function
JavaScript error: https://2e4f242d94626123e23e03e7dae2d8dd.safeframe.googlesyndication.com/safeframe/1-0-38/html/container.html, line 23: TypeError: msg.indexOf is not a function
JavaScript error: https://2e4f242d94626123e23e03e7dae2d8dd.safeframe.googlesyndication.com/safeframe/1-0-38/html/container.html, line 23: TypeError: msg.indexOf is not a function
JavaScript error: https://2e4f242d94626123e23e03e7dae2d8dd.safeframe.googlesyndication.com/safeframe/1-0-38/html/container.html, line 23: TypeError: msg.indexOf is not a function
JavaScript error: https://2e4f242d94626123e23e03e7dae2d8dd.safeframe.googlesyndication.com/safeframe/1-0-38/html/container.html, line 23: TypeError: msg.indexOf is not a function
JavaScript error: https://2e4f242d94626123e23e03e7dae2d8dd.safeframe.googlesyndication.com/safeframe/1-0-38/html/container.html, line 23: TypeError: msg.indexOf is not a function
JavaScript error: https://2e4f242d94626123e23e03e7dae2d8dd.safeframe.googlesyndication.com/safeframe/1-0-38/html/container.html, line 23: TypeError: msg.indexOf is not a function
JavaScript error: https://2e4f242d94626123e23e03e7dae2d8dd.safeframe.googlesyndication.com/safeframe/1-0-38/html/container.html, line 23: TypeError: msg.indexOf is not a function
JavaScript error: https://2e4f242d94626123e23e03e7dae2d8dd.safeframe.googlesyndication.com/safeframe/1-0-38/html/container.html, line 23: TypeError: msg.indexOf is not a function
JavaScript error: https://2e4f242d94626123e23e03e7dae2d8dd.safeframe.googlesyndication.com/safeframe/1-0-38/html/container.html, line 23: TypeError: msg.indexOf is not a function
JavaScript error: https://2e4f242d94626123e23e03e7dae2d8dd.safeframe.googlesyndication.com/safeframe/1-0-38/html/container.html, line 23: TypeError: msg.indexOf is not a function
JavaScript error: https://2e4f242d94626123e23e03e7dae2d8dd.safeframe.googlesyndication.com/safeframe/1-0-38/html/container.html, line 23: TypeError: msg.indexOf is not a function
JavaScript error: https://2e4f242d94626123e23e03e7dae2d8dd.safeframe.googlesyndication.com/safeframe/1-0-38/html/container.html, line 23: TypeError: msg.indexOf is not a function
JavaScript error: https://2e4f242d94626123e23e03e7dae2d8dd.safeframe.googlesyndication.com/safeframe/1-0-38/html/container.html, line 23: TypeError: msg.indexOf is not a function
JavaScript error: https://2e4f242d94626123e23e03e7dae2d8dd.safeframe.googlesyndication.com/safeframe/1-0-38/html/container.html, line 23: TypeError: msg.indexOf is not a function
JavaScript error: https://2e4f242d94626123e23e03e7dae2d8dd.safeframe.googlesyndication.com/safeframe/1-0-38/html/container.html, line 23: TypeError: msg.indexOf is not a function
JavaScript error: https://2e4f242d94626123e23e03e7dae2d8dd.safeframe.googlesyndication.com/safeframe/1-0-38/html/container.html, line 23: TypeError: msg.indexOf is not a function
JavaScript error: https://2e4f242d94626123e23e03e7dae2d8dd.safeframe.googlesyndication.com/safeframe/1-0-38/html/container.html, line 23: TypeError: msg.indexOf is not a function
JavaScript error: https://2e4f242d94626123e23e03e7dae2d8dd.safeframe.googlesyndication.com/safeframe/1-0-38/html/container.html, line 23: TypeError: msg.indexOf is not a function
JavaScript error: https://2e4f242d94626123e23e03e7dae2d8dd.safeframe.googlesyndication.com/safeframe/1-0-38/html/container.html, line 23: TypeError: msg.indexOf is not a function
JavaScript error: https://2e4f242d94626123e23e03e7dae2d8dd.safeframe.googlesyndication.com/safeframe/1-0-38/html/container.html, line 23: TypeError: msg.indexOf is not a function
JavaScript error: https://2e4f242d94626123e23e03e7dae2d8dd.safeframe.googlesyndication.com/safeframe/1-0-38/html/container.html, line 23: TypeError: msg.indexOf is not a function
JavaScript error: https://2e4f242d94626123e23e03e7dae2d8dd.safeframe.googlesyndication.com/safeframe/1-0-38/html/container.html, line 23: TypeError: msg.indexOf is not a function
JavaScript error: https://2e4f242d94626123e23e03e7dae2d8dd.safeframe.googlesyndication.com/safeframe/1-0-38/html/container.html, line 23: TypeError: msg.indexOf is not a function
JavaScript error: https://2e4f242d94626123e23e03e7dae2d8dd.safeframe.googlesyndication.com/safeframe/1-0-38/html/container.html, line 23: TypeError: msg.indexOf is not a function
JavaScript error: https://2e4f242d94626123e23e03e7dae2d8dd.safeframe.googlesyndication.com/safeframe/1-0-38/html/container.html, line 23: TypeError: msg.indexOf is not a function
JavaScript error: https://2e4f242d94626123e23e03e7dae2d8dd.safeframe.googlesyndication.com/safeframe/1-0-38/html/container.html, line 23: TypeError: msg.indexOf is not a function
JavaScript error: https://2e4f242d94626123e23e03e7dae2d8dd.safeframe.googlesyndication.com/safeframe/1-0-38/html/container.html, line 23: TypeError: msg.indexOf is not a function
JavaScript error: https://2e4f242d94626123e23e03e7dae2d8dd.safeframe.googlesyndication.com/safeframe/1-0-38/html/container.html, line 23: TypeError: msg.indexOf is not a function
JavaScript error: https://2e4f242d94626123e23e03e7dae2d8dd.safeframe.googlesyndication.com/safeframe/1-0-38/html/container.html, line 23: TypeError: msg.indexOf is not a function
JavaScript error: https://2e4f242d94626123e23e03e7dae2d8dd.safeframe.googlesyndication.com/safeframe/1-0-38/html/container.html, line 23: TypeError: msg.indexOf is not a function
JavaScript error: https://2e4f242d94626123e23e03e7dae2d8dd.safeframe.googlesyndication.com/safeframe/1-0-38/html/container.html, line 23: TypeError: msg.indexOf is not a function
JavaScript error: https://2e4f242d94626123e23e03e7dae2d8dd.safeframe.googlesyndication.com/safeframe/1-0-38/html/container.html, line 23: TypeError: msg.indexOf is not a function
JavaScript error: https://2e4f242d94626123e23e03e7dae2d8dd.safeframe.googlesyndication.com/safeframe/1-0-38/html/container.html, line 23: TypeError: msg.indexOf is not a function
JavaScript error: https://2e4f242d94626123e23e03e7dae2d8dd.safeframe.googlesyndication.com/safeframe/1-0-38/html/container.html, line 23: TypeError: msg.indexOf is not a function
JavaScript error: https://2e4f242d94626123e23e03e7dae2d8dd.safeframe.googlesyndication.com/safeframe/1-0-38/html/container.html, line 23: TypeError: msg.indexOf is not a function
JavaScript error: https://2e4f242d94626123e23e03e7dae2d8dd.safeframe.googlesyndication.com/safeframe/1-0-38/html/container.html, line 23: TypeError: msg.indexOf is not a function
JavaScript error: https://2e4f242d94626123e23e03e7dae2d8dd.safeframe.googlesyndication.com/safeframe/1-0-38/html/container.html, line 23: TypeError: msg.indexOf is not a function
JavaScript error: https://2e4f242d94626123e23e03e7dae2d8dd.safeframe.googlesyndication.com/safeframe/1-0-38/html/container.html, line 23: TypeError: msg.indexOf is not a function
JavaScript error: https://2e4f242d94626123e23e03e7dae2d8dd.safeframe.googlesyndication.com/safeframe/1-0-38/html/container.html, line 23: TypeError: msg.indexOf is not a function
JavaScript error: https://2e4f242d94626123e23e03e7dae2d8dd.safeframe.googlesyndication.com/safeframe/1-0-38/html/container.html, line 23: TypeError: msg.indexOf is not a function
JavaScript error: https://2e4f242d94626123e23e03e7dae2d8dd.safeframe.googlesyndication.com/safeframe/1-0-38/html/container.html, line 23: TypeError: msg.indexOf is not a function
JavaScript error: https://2e4f242d94626123e23e03e7dae2d8dd.safeframe.googlesyndication.com/safeframe/1-0-38/html/container.html, line 23: TypeError: msg.indexOf is not a function
JavaScript error: https://2e4f242d94626123e23e03e7dae2d8dd.safeframe.googlesyndication.com/safeframe/1-0-38/html/container.html, line 23: TypeError: msg.indexOf is not a function
JavaScript error: https://2e4f242d94626123e23e03e7dae2d8dd.safeframe.googlesyndication.com/safeframe/1-0-38/html/container.html, line 23: TypeError: msg.indexOf is not a function
JavaScript error: https://2e4f242d94626123e23e03e7dae2d8dd.safeframe.googlesyndication.com/safeframe/1-0-38/html/container.html, line 23: TypeError: msg.indexOf is not a function
JavaScript error: https://2e4f242d94626123e23e03e7dae2d8dd.safeframe.googlesyndication.com/safeframe/1-0-38/html/container.html, line 23: TypeError: msg.indexOf is not a function
JavaScript error: https://2e4f242d94626123e23e03e7dae2d8dd.safeframe.googlesyndication.com/safeframe/1-0-38/html/container.html, line 23: TypeError: msg.indexOf is not a function
JavaScript error: https://2e4f242d94626123e23e03e7dae2d8dd.safeframe.googlesyndication.com/safeframe/1-0-38/html/container.html, line 23: TypeError: msg.indexOf is not a function
JavaScript error: https://2e4f242d94626123e23e03e7dae2d8dd.safeframe.googlesyndication.com/safeframe/1-0-38/html/container.html, line 23: TypeError: msg.indexOf is not a function
JavaScript error: https://2e4f242d94626123e23e03e7dae2d8dd.safeframe.googlesyndication.com/safeframe/1-0-38/html/container.html, line 23: TypeError: msg.indexOf is not a function
JavaScript error: https://2e4f242d94626123e23e03e7dae2d8dd.safeframe.googlesyndication.com/safeframe/1-0-38/html/container.html, line 23: TypeError: msg.indexOf is not a function
JavaScript error: https://2e4f242d94626123e23e03e7dae2d8dd.safeframe.googlesyndication.com/safeframe/1-0-38/html/container.html, line 23: TypeError: msg.indexOf is not a function
JavaScript error: https://2e4f242d94626123e23e03e7dae2d8dd.safeframe.googlesyndication.com/safeframe/1-0-38/html/container.html, line 23: TypeError: msg.indexOf is not a function
JavaScript error: https://2e4f242d94626123e23e03e7dae2d8dd.safeframe.googlesyndication.com/safeframe/1-0-38/html/container.html, line 23: TypeError: msg.indexOf is not a function
JavaScript error: https://2e4f242d94626123e23e03e7dae2d8dd.safeframe.googlesyndication.com/safeframe/1-0-38/html/container.html, line 23: TypeError: msg.indexOf is not a function
JavaScript error: https://2e4f242d94626123e23e03e7dae2d8dd.safeframe.googlesyndication.com/safeframe/1-0-38/html/container.html, line 23: TypeError: msg.indexOf is not a function
JavaScript error: https://2e4f242d94626123e23e03e7dae2d8dd.safeframe.googlesyndication.com/safeframe/1-0-38/html/container.html, line 23: TypeError: msg.indexOf is not a function
JavaScript error: https://2e4f242d94626123e23e03e7dae2d8dd.safeframe.googlesyndication.com/safeframe/1-0-38/html/container.html, line 23: TypeError: msg.indexOf is not a function
JavaScript error: https://2e4f242d94626123e23e03e7dae2d8dd.safeframe.googlesyndication.com/safeframe/1-0-38/html/container.html, line 23: TypeError: msg.indexOf is not a function
JavaScript error: https://2e4f242d94626123e23e03e7dae2d8dd.safeframe.googlesyndication.com/safeframe/1-0-38/html/container.html, line 23: TypeError: msg.indexOf is not a function
JavaScript error: https://2e4f242d94626123e23e03e7dae2d8dd.safeframe.googlesyndication.com/safeframe/1-0-38/html/container.html, line 23: TypeError: msg.indexOf is not a function
JavaScript error: https://2e4f242d94626123e23e03e7dae2d8dd.safeframe.googlesyndication.com/safeframe/1-0-38/html/container.html, line 23: TypeError: msg.indexOf is not a function
JavaScript error: https://2e4f242d94626123e23e03e7dae2d8dd.safeframe.googlesyndication.com/safeframe/1-0-38/html/container.html, line 23: TypeError: msg.indexOf is not a function
JavaScript error: https://2e4f242d94626123e23e03e7dae2d8dd.safeframe.googlesyndication.com/safeframe/1-0-38/html/container.html, line 23: TypeError: msg.indexOf is not a function
JavaScript error: https://2e4f242d94626123e23e03e7dae2d8dd.safeframe.googlesyndication.com/safeframe/1-0-38/html/container.html, line 23: TypeError: msg.indexOf is not a function
JavaScript error: https://2e4f242d94626123e23e03e7dae2d8dd.safeframe.googlesyndication.com/safeframe/1-0-38/html/container.html, line 23: TypeError: msg.indexOf is not a function
JavaScript error: https://2e4f242d94626123e23e03e7dae2d8dd.safeframe.googlesyndication.com/safeframe/1-0-38/html/container.html, line 23: TypeError: msg.indexOf is not a function
JavaScript error: https://2e4f242d94626123e23e03e7dae2d8dd.safeframe.googlesyndication.com/safeframe/1-0-38/html/container.html, line 23: TypeError: msg.indexOf is not a function
JavaScript error: https://2e4f242d94626123e23e03e7dae2d8dd.safeframe.googlesyndication.com/safeframe/1-0-38/html/container.html, line 23: TypeError: msg.indexOf is not a function
JavaScript error: https://2e4f242d94626123e23e03e7dae2d8dd.safeframe.googlesyndication.com/safeframe/1-0-38/html/container.html, line 23: TypeError: msg.indexOf is not a function
JavaScript error: https://2e4f242d94626123e23e03e7dae2d8dd.safeframe.googlesyndication.com/safeframe/1-0-38/html/container.html, line 23: TypeError: msg.indexOf is not a function
JavaScript error: https://2e4f242d94626123e23e03e7dae2d8dd.safeframe.googlesyndication.com/safeframe/1-0-38/html/container.html, line 23: TypeError: msg.indexOf is not a function
JavaScript error: https://2e4f242d94626123e23e03e7dae2d8dd.safeframe.googlesyndication.com/safeframe/1-0-38/html/container.html, line 23: TypeError: msg.indexOf is not a function
JavaScript error: https://2e4f242d94626123e23e03e7dae2d8dd.safeframe.googlesyndication.com/safeframe/1-0-38/html/container.html, line 23: TypeError: msg.indexOf is not a function
JavaScript error: https://2e4f242d94626123e23e03e7dae2d8dd.safeframe.googlesyndication.com/safeframe/1-0-38/html/container.html, line 23: TypeError: msg.indexOf is not a function
JavaScript error: https://2e4f242d94626123e23e03e7dae2d8dd.safeframe.googlesyndication.com/safeframe/1-0-38/html/container.html, line 23: TypeError: msg.indexOf is not a function
JavaScript error: https://2e4f242d94626123e23e03e7dae2d8dd.safeframe.googlesyndication.com/safeframe/1-0-38/html/container.html, line 23: TypeError: msg.indexOf is not a function
JavaScript error: https://2e4f242d94626123e23e03e7dae2d8dd.safeframe.googlesyndication.com/safeframe/1-0-38/html/container.html, line 23: TypeError: msg.indexOf is not a function
JavaScript error: https://2e4f242d94626123e23e03e7dae2d8dd.safeframe.googlesyndication.com/safeframe/1-0-38/html/container.html, line 23: TypeError: msg.indexOf is not a function
JavaScript error: https://2e4f242d94626123e23e03e7dae2d8dd.safeframe.googlesyndication.com/safeframe/1-0-38/html/container.html, line 23: TypeError: msg.indexOf is not a function
JavaScript error: https://2e4f242d94626123e23e03e7dae2d8dd.safeframe.googlesyndication.com/safeframe/1-0-38/html/container.html, line 23: TypeError: msg.indexOf is not a function
JavaScript error: https://2e4f242d94626123e23e03e7dae2d8dd.safeframe.googlesyndication.com/safeframe/1-0-38/html/container.html, line 23: TypeError: msg.indexOf is not a function
JavaScript error: https://2e4f242d94626123e23e03e7dae2d8dd.safeframe.googlesyndication.com/safeframe/1-0-38/html/container.html, line 23: TypeError: msg.indexOf is not a function
JavaScript error: https://2e4f242d94626123e23e03e7dae2d8dd.safeframe.googlesyndication.com/safeframe/1-0-38/html/container.html, line 23: TypeError: msg.indexOf is not a function
JavaScript error: https://2e4f242d94626123e23e03e7dae2d8dd.safeframe.googlesyndication.com/safeframe/1-0-38/html/container.html, line 23: TypeError: msg.indexOf is not a function
JavaScript error: https://2e4f242d94626123e23e03e7dae2d8dd.safeframe.googlesyndication.com/safeframe/1-0-38/html/container.html, line 23: TypeError: msg.indexOf is not a function
JavaScript error: https://2e4f242d94626123e23e03e7dae2d8dd.safeframe.googlesyndication.com/safeframe/1-0-38/html/container.html, line 23: TypeError: msg.indexOf is not a function
JavaScript error: https://2e4f242d94626123e23e03e7dae2d8dd.safeframe.googlesyndication.com/safeframe/1-0-38/html/container.html, line 23: TypeError: msg.indexOf is not a function
JavaScript error: https://2e4f242d94626123e23e03e7dae2d8dd.safeframe.googlesyndication.com/safeframe/1-0-38/html/container.html, line 23: TypeError: msg.indexOf is not a function
JavaScript error: https://2e4f242d94626123e23e03e7dae2d8dd.safeframe.googlesyndication.com/safeframe/1-0-38/html/container.html, line 23: TypeError: msg.indexOf is not a function
JavaScript error: https://2e4f242d94626123e23e03e7dae2d8dd.safeframe.googlesyndication.com/safeframe/1-0-38/html/container.html, line 23: TypeError: msg.indexOf is not a function
JavaScript error: https://2e4f242d94626123e23e03e7dae2d8dd.safeframe.googlesyndication.com/safeframe/1-0-38/html/container.html, line 23: TypeError: msg.indexOf is not a function
JavaScript error: https://2e4f242d94626123e23e03e7dae2d8dd.safeframe.googlesyndication.com/safeframe/1-0-38/html/container.html, line 23: TypeError: msg.indexOf is not a function
JavaScript error: https://2e4f242d94626123e23e03e7dae2d8dd.safeframe.googlesyndication.com/safeframe/1-0-38/html/container.html, line 23: TypeError: msg.indexOf is not a function
JavaScript error: https://2e4f242d94626123e23e03e7dae2d8dd.safeframe.googlesyndication.com/safeframe/1-0-38/html/container.html, line 23: TypeError: msg.indexOf is not a function
JavaScript error: https://2e4f242d94626123e23e03e7dae2d8dd.safeframe.googlesyndication.com/safeframe/1-0-38/html/container.html, line 23: TypeError: msg.indexOf is not a function
JavaScript error: https://2e4f242d94626123e23e03e7dae2d8dd.safeframe.googlesyndication.com/safeframe/1-0-38/html/container.html, line 23: TypeError: msg.indexOf is not a function
JavaScript error: https://2e4f242d94626123e23e03e7dae2d8dd.safeframe.googlesyndication.com/safeframe/1-0-38/html/container.html, line 23: TypeError: msg.indexOf is not a function
JavaScript error: https://2e4f242d94626123e23e03e7dae2d8dd.safeframe.googlesyndication.com/safeframe/1-0-38/html/container.html, line 23: TypeError: msg.indexOf is not a function
JavaScript error: https://2e4f242d94626123e23e03e7dae2d8dd.safeframe.googlesyndication.com/safeframe/1-0-38/html/container.html, line 23: TypeError: msg.indexOf is not a function
JavaScript error: https://2e4f242d94626123e23e03e7dae2d8dd.safeframe.googlesyndication.com/safeframe/1-0-38/html/container.html, line 23: TypeError: msg.indexOf is not a function
JavaScript error: https://2e4f242d94626123e23e03e7dae2d8dd.safeframe.googlesyndication.com/safeframe/1-0-38/html/container.html, line 23: TypeError: msg.indexOf is not a function
JavaScript error: https://2e4f242d94626123e23e03e7dae2d8dd.safeframe.googlesyndication.com/safeframe/1-0-38/html/container.html, line 23: TypeError: msg.indexOf is not a function
JavaScript error: https://2e4f242d94626123e23e03e7dae2d8dd.safeframe.googlesyndication.com/safeframe/1-0-38/html/container.html, line 23: TypeError: msg.indexOf is not a function
JavaScript error: https://2e4f242d94626123e23e03e7dae2d8dd.safeframe.googlesyndication.com/safeframe/1-0-38/html/container.html, line 23: TypeError: msg.indexOf is not a function
JavaScript error: https://2e4f242d94626123e23e03e7dae2d8dd.safeframe.googlesyndication.com/safeframe/1-0-38/html/container.html, line 23: TypeError: msg.indexOf is not a function
JavaScript error: https://2e4f242d94626123e23e03e7dae2d8dd.safeframe.googlesyndication.com/safeframe/1-0-38/html/container.html, line 23: TypeError: msg.indexOf is not a function
JavaScript error: https://2e4f242d94626123e23e03e7dae2d8dd.safeframe.googlesyndication.com/safeframe/1-0-38/html/container.html, line 23: TypeError: msg.indexOf is not a function
JavaScript error: https://2e4f242d94626123e23e03e7dae2d8dd.safeframe.googlesyndication.com/safeframe/1-0-38/html/container.html, line 23: TypeError: msg.indexOf is not a function
JavaScript error: https://2e4f242d94626123e23e03e7dae2d8dd.safeframe.googlesyndication.com/safeframe/1-0-38/html/container.html, line 23: TypeError: msg.indexOf is not a function
JavaScript error: https://2e4f242d94626123e23e03e7dae2d8dd.safeframe.googlesyndication.com/safeframe/1-0-38/html/container.html, line 23: TypeError: msg.indexOf is not a function
JavaScript error: https://2e4f242d94626123e23e03e7dae2d8dd.safeframe.googlesyndication.com/safeframe/1-0-38/html/container.html, line 23: TypeError: msg.indexOf is not a function
JavaScript error: https://2e4f242d94626123e23e03e7dae2d8dd.safeframe.googlesyndication.com/safeframe/1-0-38/html/container.html, line 23: TypeError: msg.indexOf is not a function
JavaScript error: https://2e4f242d94626123e23e03e7dae2d8dd.safeframe.googlesyndication.com/safeframe/1-0-38/html/container.html, line 23: TypeError: msg.indexOf is not a function
JavaScript error: https://2e4f242d94626123e23e03e7dae2d8dd.safeframe.googlesyndication.com/safeframe/1-0-38/html/container.html, line 23: TypeError: msg.indexOf is not a function
JavaScript error: https://2e4f242d94626123e23e03e7dae2d8dd.safeframe.googlesyndication.com/safeframe/1-0-38/html/container.html, line 23: TypeError: msg.indexOf is not a function
JavaScript error: https://2e4f242d94626123e23e03e7dae2d8dd.safeframe.googlesyndication.com/safeframe/1-0-38/html/container.html, line 23: TypeError: msg.indexOf is not a function
JavaScript error: https://2e4f242d94626123e23e03e7dae2d8dd.safeframe.googlesyndication.com/safeframe/1-0-38/html/container.html, line 23: TypeError: msg.indexOf is not a function
JavaScript error: https://2e4f242d94626123e23e03e7dae2d8dd.safeframe.googlesyndication.com/safeframe/1-0-38/html/container.html, line 23: TypeError: msg.indexOf is not a function
JavaScript error: https://2e4f242d94626123e23e03e7dae2d8dd.safeframe.googlesyndication.com/safeframe/1-0-38/html/container.html, line 23: TypeError: msg.indexOf is not a function
JavaScript error: https://2e4f242d94626123e23e03e7dae2d8dd.safeframe.googlesyndication.com/safeframe/1-0-38/html/container.html, line 23: TypeError: msg.indexOf is not a function
JavaScript error: https://2e4f242d94626123e23e03e7dae2d8dd.safeframe.googlesyndication.com/safeframe/1-0-38/html/container.html, line 23: TypeError: msg.indexOf is not a function
JavaScript error: https://2e4f242d94626123e23e03e7dae2d8dd.safeframe.googlesyndication.com/safeframe/1-0-38/html/container.html, line 23: TypeError: msg.indexOf is not a function
JavaScript error: https://2e4f242d94626123e23e03e7dae2d8dd.safeframe.googlesyndication.com/safeframe/1-0-38/html/container.html, line 23: TypeError: msg.indexOf is not a function
JavaScript error: https://2e4f242d94626123e23e03e7dae2d8dd.safeframe.googlesyndication.com/safeframe/1-0-38/html/container.html, line 23: TypeError: msg.indexOf is not a function
JavaScript error: https://2e4f242d94626123e23e03e7dae2d8dd.safeframe.googlesyndication.com/safeframe/1-0-38/html/container.html, line 23: TypeError: msg.indexOf is not a function
JavaScript error: https://2e4f242d94626123e23e03e7dae2d8dd.safeframe.googlesyndication.com/safeframe/1-0-38/html/container.html, line 23: TypeError: msg.indexOf is not a function
JavaScript error: https://2e4f242d94626123e23e03e7dae2d8dd.safeframe.googlesyndication.com/safeframe/1-0-38/html/container.html, line 23: TypeError: msg.indexOf is not a function
JavaScript error: https://2e4f242d94626123e23e03e7dae2d8dd.safeframe.googlesyndication.com/safeframe/1-0-38/html/container.html, line 23: TypeError: msg.indexOf is not a function
JavaScript error: https://2e4f242d94626123e23e03e7dae2d8dd.safeframe.googlesyndication.com/safeframe/1-0-38/html/container.html, line 23: TypeError: msg.indexOf is not a function
JavaScript error: https://2e4f242d94626123e23e03e7dae2d8dd.safeframe.googlesyndication.com/safeframe/1-0-38/html/container.html, line 23: TypeError: msg.indexOf is not a function
JavaScript error: https://2e4f242d94626123e23e03e7dae2d8dd.safeframe.googlesyndication.com/safeframe/1-0-38/html/container.html, line 23: TypeError: msg.indexOf is not a function
JavaScript error: https://2e4f242d94626123e23e03e7dae2d8dd.safeframe.googlesyndication.com/safeframe/1-0-38/html/container.html, line 23: TypeError: msg.indexOf is not a function
JavaScript error: https://2e4f242d94626123e23e03e7dae2d8dd.safeframe.googlesyndication.com/safeframe/1-0-38/html/container.html, line 23: TypeError: msg.indexOf is not a function
JavaScript error: https://2e4f242d94626123e23e03e7dae2d8dd.safeframe.googlesyndication.com/safeframe/1-0-38/html/container.html, line 23: TypeError: msg.indexOf is not a function
JavaScript error: https://2e4f242d94626123e23e03e7dae2d8dd.safeframe.googlesyndication.com/safeframe/1-0-38/html/container.html, line 23: TypeError: msg.indexOf is not a function
JavaScript error: https://2e4f242d94626123e23e03e7dae2d8dd.safeframe.googlesyndication.com/safeframe/1-0-38/html/container.html, line 23: TypeError: msg.indexOf is not a function
JavaScript error: https://2e4f242d94626123e23e03e7dae2d8dd.safeframe.googlesyndication.com/safeframe/1-0-38/html/container.html, line 23: TypeError: msg.indexOf is not a function
JavaScript error: https://2e4f242d94626123e23e03e7dae2d8dd.safeframe.googlesyndication.com/safeframe/1-0-38/html/container.html, line 23: TypeError: msg.indexOf is not a function
JavaScript error: https://2e4f242d94626123e23e03e7dae2d8dd.safeframe.googlesyndication.com/safeframe/1-0-38/html/container.html, line 23: TypeError: msg.indexOf is not a function
JavaScript error: https://2e4f242d94626123e23e03e7dae2d8dd.safeframe.googlesyndication.com/safeframe/1-0-38/html/container.html, line 23: TypeError: msg.indexOf is not a function
JavaScript error: https://2e4f242d94626123e23e03e7dae2d8dd.safeframe.googlesyndication.com/safeframe/1-0-38/html/container.html, line 23: TypeError: msg.indexOf is not a function
JavaScript error: https://2e4f242d94626123e23e03e7dae2d8dd.safeframe.googlesyndication.com/safeframe/1-0-38/html/container.html, line 23: TypeError: msg.indexOf is not a function
JavaScript error: https://2e4f242d94626123e23e03e7dae2d8dd.safeframe.googlesyndication.com/safeframe/1-0-38/html/container.html, line 23: TypeError: msg.indexOf is not a function
JavaScript error: https://2e4f242d94626123e23e03e7dae2d8dd.safeframe.googlesyndication.com/safeframe/1-0-38/html/container.html, line 23: TypeError: msg.indexOf is not a function
JavaScript error: https://2e4f242d94626123e23e03e7dae2d8dd.safeframe.googlesyndication.com/safeframe/1-0-38/html/container.html, line 23: TypeError: msg.indexOf is not a function
JavaScript error: https://2e4f242d94626123e23e03e7dae2d8dd.safeframe.googlesyndication.com/safeframe/1-0-38/html/container.html, line 23: TypeError: msg.indexOf is not a function
JavaScript error: https://2e4f242d94626123e23e03e7dae2d8dd.safeframe.googlesyndication.com/safeframe/1-0-38/html/container.html, line 23: TypeError: msg.indexOf is not a function
JavaScript error: https://2e4f242d94626123e23e03e7dae2d8dd.safeframe.googlesyndication.com/safeframe/1-0-38/html/container.html, line 23: TypeError: msg.indexOf is not a function
JavaScript error: https://2e4f242d94626123e23e03e7dae2d8dd.safeframe.googlesyndication.com/safeframe/1-0-38/html/container.html, line 23: TypeError: msg.indexOf is not a function
JavaScript error: https://2e4f242d94626123e23e03e7dae2d8dd.safeframe.googlesyndication.com/safeframe/1-0-38/html/container.html, line 23: TypeError: msg.indexOf is not a function
JavaScript error: https://2e4f242d94626123e23e03e7dae2d8dd.safeframe.googlesyndication.com/safeframe/1-0-38/html/container.html, line 23: TypeError: msg.indexOf is not a function
JavaScript error: https://2e4f242d94626123e23e03e7dae2d8dd.safeframe.googlesyndication.com/safeframe/1-0-38/html/container.html, line 23: TypeError: msg.indexOf is not a function
JavaScript error: https://2e4f242d94626123e23e03e7dae2d8dd.safeframe.googlesyndication.com/safeframe/1-0-38/html/container.html, line 23: TypeError: msg.indexOf is not a function
JavaScript error: https://2e4f242d94626123e23e03e7dae2d8dd.safeframe.googlesyndication.com/safeframe/1-0-38/html/container.html, line 23: TypeError: msg.indexOf is not a function
JavaScript error: https://2e4f242d94626123e23e03e7dae2d8dd.safeframe.googlesyndication.com/safeframe/1-0-38/html/container.html, line 23: TypeError: msg.indexOf is not a function
JavaScript error: https://2e4f242d94626123e23e03e7dae2d8dd.safeframe.googlesyndication.com/safeframe/1-0-38/html/container.html, line 23: TypeError: msg.indexOf is not a function
JavaScript error: https://2e4f242d94626123e23e03e7dae2d8dd.safeframe.googlesyndication.com/safeframe/1-0-38/html/container.html, line 23: TypeError: msg.indexOf is not a function
JavaScript error: https://2e4f242d94626123e23e03e7dae2d8dd.safeframe.googlesyndication.com/safeframe/1-0-38/html/container.html, line 23: TypeError: msg.indexOf is not a function
JavaScript error: https://2e4f242d94626123e23e03e7dae2d8dd.safeframe.googlesyndication.com/safeframe/1-0-38/html/container.html, line 23: TypeError: msg.indexOf is not a function
JavaScript error: https://2e4f242d94626123e23e03e7dae2d8dd.safeframe.googlesyndication.com/safeframe/1-0-38/html/container.html, line 23: TypeError: msg.indexOf is not a function
JavaScript error: https://2e4f242d94626123e23e03e7dae2d8dd.safeframe.googlesyndication.com/safeframe/1-0-38/html/container.html, line 23: TypeError: msg.indexOf is not a function
JavaScript error: https://2e4f242d94626123e23e03e7dae2d8dd.safeframe.googlesyndication.com/safeframe/1-0-38/html/container.html, line 23: TypeError: msg.indexOf is not a function
JavaScript error: https://2e4f242d94626123e23e03e7dae2d8dd.safeframe.googlesyndication.com/safeframe/1-0-38/html/container.html, line 23: TypeError: msg.indexOf is not a function
JavaScript error: https://2e4f242d94626123e23e03e7dae2d8dd.safeframe.googlesyndication.com/safeframe/1-0-38/html/container.html, line 23: TypeError: msg.indexOf is not a function
JavaScript error: https://2e4f242d94626123e23e03e7dae2d8dd.safeframe.googlesyndication.com/safeframe/1-0-38/html/container.html, line 23: TypeError: msg.indexOf is not a function
JavaScript error: https://2e4f242d94626123e23e03e7dae2d8dd.safeframe.googlesyndication.com/safeframe/1-0-38/html/container.html, line 23: TypeError: msg.indexOf is not a function
JavaScript error: https://2e4f242d94626123e23e03e7dae2d8dd.safeframe.googlesyndication.com/safeframe/1-0-38/html/container.html, line 23: TypeError: msg.indexOf is not a function
JavaScript error: https://2e4f242d94626123e23e03e7dae2d8dd.safeframe.googlesyndication.com/safeframe/1-0-38/html/container.html, line 23: TypeError: msg.indexOf is not a function
JavaScript error: https://2e4f242d94626123e23e03e7dae2d8dd.safeframe.googlesyndication.com/safeframe/1-0-38/html/container.html, line 23: TypeError: msg.indexOf is not a function
JavaScript error: https://2e4f242d94626123e23e03e7dae2d8dd.safeframe.googlesyndication.com/safeframe/1-0-38/html/container.html, line 23: TypeError: msg.indexOf is not a function
JavaScript error: https://2e4f242d94626123e23e03e7dae2d8dd.safeframe.googlesyndication.com/safeframe/1-0-38/html/container.html, line 23: TypeError: msg.indexOf is not a function
JavaScript error: https://2e4f242d94626123e23e03e7dae2d8dd.safeframe.googlesyndication.com/safeframe/1-0-38/html/container.html, line 23: TypeError: msg.indexOf is not a function
JavaScript error: https://2e4f242d94626123e23e03e7dae2d8dd.safeframe.googlesyndication.com/safeframe/1-0-38/html/container.html, line 23: TypeError: msg.indexOf is not a function
JavaScript error: https://2e4f242d94626123e23e03e7dae2d8dd.safeframe.googlesyndication.com/safeframe/1-0-38/html/container.html, line 23: TypeError: msg.indexOf is not a function
JavaScript error: https://2e4f242d94626123e23e03e7dae2d8dd.safeframe.googlesyndication.com/safeframe/1-0-38/html/container.html, line 23: TypeError: msg.indexOf is not a function
JavaScript error: https://2e4f242d94626123e23e03e7dae2d8dd.safeframe.googlesyndication.com/safeframe/1-0-38/html/container.html, line 23: TypeError: msg.indexOf is not a function
JavaScript error: https://2e4f242d94626123e23e03e7dae2d8dd.safeframe.googlesyndication.com/safeframe/1-0-38/html/container.html, line 23: TypeError: msg.indexOf is not a function
JavaScript error: https://2e4f242d94626123e23e03e7dae2d8dd.safeframe.googlesyndication.com/safeframe/1-0-38/html/container.html, line 23: TypeError: msg.indexOf is not a function
JavaScript error: https://2e4f242d94626123e23e03e7dae2d8dd.safeframe.googlesyndication.com/safeframe/1-0-38/html/container.html, line 23: TypeError: msg.indexOf is not a function
JavaScript error: https://2e4f242d94626123e23e03e7dae2d8dd.safeframe.googlesyndication.com/safeframe/1-0-38/html/container.html, line 23: TypeError: msg.indexOf is not a function
JavaScript error: https://2e4f242d94626123e23e03e7dae2d8dd.safeframe.googlesyndication.com/safeframe/1-0-38/html/container.html, line 23: TypeError: msg.indexOf is not a function
JavaScript error: https://2e4f242d94626123e23e03e7dae2d8dd.safeframe.googlesyndication.com/safeframe/1-0-38/html/container.html, line 23: TypeError: msg.indexOf is not a function
JavaScript error: https://2e4f242d94626123e23e03e7dae2d8dd.safeframe.googlesyndication.com/safeframe/1-0-38/html/container.html, line 23: TypeError: msg.indexOf is not a function
JavaScript error: https://2e4f242d94626123e23e03e7dae2d8dd.safeframe.googlesyndication.com/safeframe/1-0-38/html/container.html, line 23: TypeError: msg.indexOf is not a function
JavaScript error: https://2e4f242d94626123e23e03e7dae2d8dd.safeframe.googlesyndication.com/safeframe/1-0-38/html/container.html, line 23: TypeError: msg.indexOf is not a function
JavaScript error: https://2e4f242d94626123e23e03e7dae2d8dd.safeframe.googlesyndication.com/safeframe/1-0-38/html/container.html, line 23: TypeError: msg.indexOf is not a function
JavaScript error: https://2e4f242d94626123e23e03e7dae2d8dd.safeframe.googlesyndication.com/safeframe/1-0-38/html/container.html, line 23: TypeError: msg.indexOf is not a function
JavaScript error: https://2e4f242d94626123e23e03e7dae2d8dd.safeframe.googlesyndication.com/safeframe/1-0-38/html/container.html, line 23: TypeError: msg.indexOf is not a function
JavaScript error: https://2e4f242d94626123e23e03e7dae2d8dd.safeframe.googlesyndication.com/safeframe/1-0-38/html/container.html, line 23: TypeError: msg.indexOf is not a function
JavaScript error: https://2e4f242d94626123e23e03e7dae2d8dd.safeframe.googlesyndication.com/safeframe/1-0-38/html/container.html, line 23: TypeError: msg.indexOf is not a function
JavaScript error: https://2e4f242d94626123e23e03e7dae2d8dd.safeframe.googlesyndication.com/safeframe/1-0-38/html/container.html, line 23: TypeError: msg.indexOf is not a function
JavaScript error: https://2e4f242d94626123e23e03e7dae2d8dd.safeframe.googlesyndication.com/safeframe/1-0-38/html/container.html, line 23: TypeError: msg.indexOf is not a function
JavaScript error: https://2e4f242d94626123e23e03e7dae2d8dd.safeframe.googlesyndication.com/safeframe/1-0-38/html/container.html, line 23: TypeError: msg.indexOf is not a function
JavaScript error: https://2e4f242d94626123e23e03e7dae2d8dd.safeframe.googlesyndication.com/safeframe/1-0-38/html/container.html, line 23: TypeError: msg.indexOf is not a function
JavaScript error: https://2e4f242d94626123e23e03e7dae2d8dd.safeframe.googlesyndication.com/safeframe/1-0-38/html/container.html, line 23: TypeError: msg.indexOf is not a function
JavaScript error: https://2e4f242d94626123e23e03e7dae2d8dd.safeframe.googlesyndication.com/safeframe/1-0-38/html/container.html, line 23: TypeError: msg.indexOf is not a function
JavaScript error: https://2e4f242d94626123e23e03e7dae2d8dd.safeframe.googlesyndication.com/safeframe/1-0-38/html/container.html, line 23: TypeError: msg.indexOf is not a function
JavaScript error: https://2e4f242d94626123e23e03e7dae2d8dd.safeframe.googlesyndication.com/safeframe/1-0-38/html/container.html, line 23: TypeError: msg.indexOf is not a function
JavaScript warning: https://pagead2.googlesyndication.com/bg/QjHKgOpm15qTJXWLxUnNMS8wTt6682k-qtw68OFTrDs.js line 1 > eval line 2260 > eval, line 1: Error: WebGL warning: Disallowing antialiased backbuffers due to blacklisting.
JavaScript error: https://2e4f242d94626123e23e03e7dae2d8dd.safeframe.googlesyndication.com/safeframe/1-0-38/html/container.html, line 23: TypeError: msg.indexOf is not a function
JavaScript error: https://2e4f242d94626123e23e03e7dae2d8dd.safeframe.googlesyndication.com/safeframe/1-0-38/html/container.html, line 23: TypeError: msg.indexOf is not a function
JavaScript error: https://2e4f242d94626123e23e03e7dae2d8dd.safeframe.googlesyndication.com/safeframe/1-0-38/html/container.html, line 23: TypeError: msg.indexOf is not a function
JavaScript error: https://2e4f242d94626123e23e03e7dae2d8dd.safeframe.googlesyndication.com/safeframe/1-0-38/html/container.html, line 23: TypeError: msg.indexOf is not a function
JavaScript error: https://2e4f242d94626123e23e03e7dae2d8dd.safeframe.googlesyndication.com/safeframe/1-0-38/html/container.html, line 23: TypeError: msg.indexOf is not a function
JavaScript error: https://2e4f242d94626123e23e03e7dae2d8dd.safeframe.googlesyndication.com/safeframe/1-0-38/html/container.html, line 23: TypeError: msg.indexOf is not a function
JavaScript error: https://2e4f242d94626123e23e03e7dae2d8dd.safeframe.googlesyndication.com/safeframe/1-0-38/html/container.html, line 23: TypeError: msg.indexOf is not a function
JavaScript error: https://2e4f242d94626123e23e03e7dae2d8dd.safeframe.googlesyndication.com/safeframe/1-0-38/html/container.html, line 23: TypeError: msg.indexOf is not a function
JavaScript error: https://2e4f242d94626123e23e03e7dae2d8dd.safeframe.googlesyndication.com/safeframe/1-0-38/html/container.html, line 23: TypeError: msg.indexOf is not a function
JavaScript error: https://2e4f242d94626123e23e03e7dae2d8dd.safeframe.googlesyndication.com/safeframe/1-0-38/html/container.html, line 23: TypeError: msg.indexOf is not a function
JavaScript error: https://2e4f242d94626123e23e03e7dae2d8dd.safeframe.googlesyndication.com/safeframe/1-0-38/html/container.html, line 23: TypeError: msg.indexOf is not a function
JavaScript error: https://2e4f242d94626123e23e03e7dae2d8dd.safeframe.googlesyndication.com/safeframe/1-0-38/html/container.html, line 23: TypeError: msg.indexOf is not a function
JavaScript error: https://2e4f242d94626123e23e03e7dae2d8dd.safeframe.googlesyndication.com/safeframe/1-0-38/html/container.html, line 23: TypeError: msg.indexOf is not a function
JavaScript error: https://2e4f242d94626123e23e03e7dae2d8dd.safeframe.googlesyndication.com/safeframe/1-0-38/html/container.html, line 23: TypeError: msg.indexOf is not a function
JavaScript error: https://2e4f242d94626123e23e03e7dae2d8dd.safeframe.googlesyndication.com/safeframe/1-0-38/html/container.html, line 23: TypeError: msg.indexOf is not a function
JavaScript error: https://2e4f242d94626123e23e03e7dae2d8dd.safeframe.googlesyndication.com/safeframe/1-0-38/html/container.html, line 23: TypeError: msg.indexOf is not a function
JavaScript warning: https://pagead2.googlesyndication.com/bg/QjHKgOpm15qTJXWLxUnNMS8wTt6682k-qtw68OFTrDs.js line 1 > eval line 4468 > eval line 1 > eval, line 1: Error: WebGL warning: Disallowing antialiased backbuffers due to blacklisting.
1634624955105	Marionette	DEBUG	Received observer notification "outer-window-destroyed" for "4294967553"
1634624955106	Marionette	DEBUG	Received observer notification "outer-window-destroyed" for "4294967567"
1634624955170	Marionette	DEBUG	Received observer notification "outer-window-destroyed" for "4294967520"
1634624955179	Marionette	DEBUG	Received observer notification "outer-window-destroyed" for "4294967537"
JavaScript warning: https://pagead2.googlesyndication.com/bg/QjHKgOpm15qTJXWLxUnNMS8wTt6682k-qtw68OFTrDs.js line 1 > eval line 6547 > eval line 1 > eval, line 1: Error: WebGL warning: Disallowing antialiased backbuffers due to blacklisting.
1634624956698	Marionette	DEBUG	Received observer notification "outer-window-destroyed" for "4294967701"
1634624956720	Marionette	DEBUG	Received observer notification "outer-window-destroyed" for "4294967696"
1634624961282	Marionette	DEBUG	Received DOM event "pageshow" for "https://www.speedtest.net/"
JavaScript warning: https://pagead2.googlesyndication.com/bg/QjHKgOpm15qTJXWLxUnNMS8wTt6682k-qtw68OFTrDs.js line 1 > eval line 3 > eval, line 1: Error: WebGL warning: Disallowing antialiased backbuffers due to blacklisting.
JavaScript error: https://ads.pubmatic.com/AdServer/js/user_sync.html?p=156011&s=165626&predirect=https%3A%2F%2Fs.amazon-adsystem.com%2Fecm3%3Fid%3DPM_UID%26ex%3Dpubmatic.com&userIdMacro=PM_UID&gdpr=0, line 1: ReferenceError: CommonMeta is not defined
JavaScript error: https://ads.pubmatic.com/AdServer/js/user_sync.html?kdntuid=1&p=159017&gdpr=0&gdpr_consent=&us_privacy=1YNY, line 1: ReferenceError: CommonMeta is not defined
JavaScript error: https://ads.pubmatic.com/AdServer/js/user_sync.html?predirect=https%3A%2F%2Frtb.gumgum.com%2Fusersync%3Fb%3Dpbm%26i%3D&gdpr=0&gdprConsent=, line 1: ReferenceError: CommonMeta is not defined
1634625031608	Marionette	DEBUG	Canceled page load listener because no navigation has been detected
JavaScript error: , line 0: TypeError: NetworkError when attempting to fetch resource.
JavaScript error: , line 0: TypeError: NetworkError when attempting to fetch resource.
JavaScript error: , line 0: TypeError: NetworkError when attempting to fetch resource.
JavaScript error: , line 0: TypeError: NetworkError when attempting to fetch resource.
JavaScript error: , line 0: TypeError: NetworkError when attempting to fetch resource.
JavaScript error: , line 0: TypeError: NetworkError when attempting to fetch resource.
JavaScript error: , line 0: TypeError: NetworkError when attempting to fetch resource.
JavaScript error: , line 0: TypeError: NetworkError when attempting to fetch resource.
JavaScript error: , line 0: TypeError: NetworkError when attempting to fetch resource.
JavaScript error: , line 0: TypeError: NetworkError when attempting to fetch resource.
JavaScript error: , line 0: TypeError: NetworkError when attempting to fetch resource.
JavaScript warning: https://pagead2.googlesyndication.com/bg/QjHKgOpm15qTJXWLxUnNMS8wTt6682k-qtw68OFTrDs.js line 1 > eval line 5203 > eval, line 1: Error: WebGL warning: Disallowing antialiased backbuffers due to blacklisting.
[Child 9708, Chrome_ChildThread] WARNING: pipe error: 109: file z:/build/build/src/ipc/chromium/src/chrome/common/ipc_channel_win.cc, line 346
[Child 9708, Chrome_ChildThread] WARNING: pipe error: 109: file z:/build/build/src/ipc/chromium/src/chrome/common/ipc_channel_win.cc, line 346
IPDL protocol error: Handler returned error code!

###!!! [Parent][DispatchAsyncMessage] Error: PLayerTransaction::Msg_ReleaseLayer Processing error: message was deserialized, but the handler returned false (indicating failure)


###!!! [Child][RunMessage] Error: Channel closing: too late to send/recv, messages will be lost


###!!! [Child][MessageChannel::SendAndWait] Error: Channel error: cannot send/recv

